diary on
opgv1
For n = 3
 P = 
    1.0000    0.8050    0.5162    0.2275         0
         0    0.0713         0    0.1544         0
         0         0    0.2256         0         0
         0    0.0713         0    0.1544         0
         0    0.0525    0.2581    0.4637    1.0000

get the followin matrix with start in s4 
    0.2275
    0.1544
         0
    0.1544
    0.4637

probability to go from s4->s2 after n=3 is: 0.154375 
For n = 4
 P = 
    1.0000    0.8786    0.6327    0.3869         0
         0    0.0161         0    0.0348         0
         0         0    0.0509         0         0
         0    0.0161         0    0.0348         0
         0    0.0893    0.3164    0.5434    1.0000

get the followin matrix with start in s4 
    0.3869
    0.0348
         0
    0.0348
    0.5434

probability to go from s4->s2 after n=4 is: 0.034831 
For n = 40
 P = 
    1.0000    0.9000    0.6667    0.4333         0
         0    0.0000         0    0.0000         0
         0         0    0.0000         0         0
         0    0.0000         0    0.0000         0
         0    0.1000    0.3333    0.5667    1.0000

get the followin matrix with start in s4 
    0.4333
    0.0000
         0
    0.0000
    0.5667

probability to go from s4->s2 after n=40 is: 0.000000 
For n = 80
 P = 
    1.0000    0.9000    0.6667    0.4333         0
         0    0.0000         0    0.0000         0
         0         0    0.0000         0         0
         0    0.0000         0    0.0000         0
         0    0.1000    0.3333    0.5667    1.0000

get the followin matrix with start in s4 
    0.4333
    0.0000
         0
    0.0000
    0.5667

probability to go from s4->s2 after n=80 is: 0.000000 
diary off
